<?xml version="1.0" encoding="UTF-8"?>
<testsuite name="org.gradle.demo.HelloServletTest" tests="3" skipped="0" failures="0" errors="0" timestamp="2018-06-29T03:40:30" hostname="puppetlabs357.local" time="0.991">
  <properties/>
  <testcase name="doPostWithoutName" classname="org.gradle.demo.HelloServletTest" time="0.988"/>
  <testcase name="doGet" classname="org.gradle.demo.HelloServletTest" time="0.001"/>
  <testcase name="doPostWithName" classname="org.gradle.demo.HelloServletTest" time="0.002"/>
  <system-out><![CDATA[]]></system-out>
  <system-err><![CDATA[]]></system-err>
</testsuite>
